<html>
<head>
<title>TestNG:  Test</title>
<link href="../testng.css" rel="stylesheet" type="text/css" />
<link href="../my-testng.css" rel="stylesheet" type="text/css" />

<style type="text/css">
.log { display: none;} 
.stack-trace { display: none;} 
</style>
<script type="text/javascript">
<!--
function flip(e) {
  current = e.style.display;
  if (current == 'block') {
    e.style.display = 'none';
    return 0;
  }
  else {
    e.style.display = 'block';
    return 1;
  }
}

function toggleBox(szDivId, elem, msg1, msg2)
{
  var res = -1;  if (document.getElementById) {
    res = flip(document.getElementById(szDivId));
  }
  else if (document.all) {
    // this is the way old msie versions work
    res = flip(document.all[szDivId]);
  }
  if(elem) {
    if(res == 0) elem.innerHTML = msg1; else elem.innerHTML = msg2;
  }

}

function toggleAllBoxes() {
  if (document.getElementsByTagName) {
    d = document.getElementsByTagName('div');
    for (i = 0; i < d.length; i++) {
      if (d[i].className == 'log') {
        flip(d[i]);
      }
    }
  }
}

// -->
</script>

</head>
<body>
<h2 align='center'>Test</h2><table border='1' align="center">
<tr>
<td>Tests passed/Failed/Skipped:</td><td>52/8/1</td>
</tr><tr>
<td>Started on:</td><td>Tue Feb 25 20:13:03 IST 2025</td>
</tr>
<tr><td>Total time:</td><td>135 seconds (135813 ms)</td>
</tr><tr>
<td>Included groups:</td><td></td>
</tr><tr>
<td>Excluded groups:</td><td></td>
</tr>
</table><p/>
<small><i>(Hover the method name to see the test class name)</i></small><p/>
<table width='100%' border='1' class='invocation-failed'>
<tr><td colspan='4' align='center'><b>FAILED TESTS</b></td></tr>
<tr><td><b>Test method</b></td>
<td><b>Attribute(s)</b></td>
<td width="30%"><b>Exception</b></td>
<td width="10%"><b>Time (seconds)</b></td>
<td><b>Instance</b></td>
</tr>
<tr>
<td title='testNGDemo.TestScenario6.second_testcase()'><b>second_testcase</b><br>Test class: testNGDemo.TestScenario6</td>
<td><div><pre>java.lang.AssertionError: expected [Hello World] but found [Hello]
	at testNGDemo.TestScenario6.second_testcase(TestScenario6.java:19)
	at java.base/java.util.ArrayList.forEach(ArrayList.java:1597)
... Removed 31 stack frames</pre></div><a href='#' onClick='toggleBox("stack-trace1855610584", this, "Click to show all stack frames", "Click to hide stack frames")'>Click to show all stack frames</a>
<div class='stack-trace' id='stack-trace1855610584'><pre>java.lang.AssertionError: expected [Hello World] but found [Hello]
	at org.testng.Assert.fail(Assert.java:111)
	at org.testng.Assert.failNotEquals(Assert.java:1578)
	at org.testng.Assert.assertEqualsImpl(Assert.java:150)
	at org.testng.Assert.assertEquals(Assert.java:132)
	at org.testng.Assert.assertEquals(Assert.java:656)
	at org.testng.Assert.assertEquals(Assert.java:666)
	at testNGDemo.TestScenario6.second_testcase(TestScenario6.java:19)
	at java.base/jdk.internal.reflect.DirectMethodHandleAccessor.invoke(DirectMethodHandleAccessor.java:103)
	at java.base/java.lang.reflect.Method.invoke(Method.java:580)
	at org.testng.internal.invokers.MethodInvocationHelper.invokeMethod(MethodInvocationHelper.java:141)
	at org.testng.internal.invokers.TestInvoker.invokeMethod(TestInvoker.java:686)
	at org.testng.internal.invokers.TestInvoker.invokeTestMethod(TestInvoker.java:230)
	at org.testng.internal.invokers.MethodRunner.runInSequence(MethodRunner.java:63)
	at org.testng.internal.invokers.TestInvoker$MethodInvocationAgent.invoke(TestInvoker.java:992)
	at org.testng.internal.invokers.TestInvoker.invokeTestMethods(TestInvoker.java:203)
	at org.testng.internal.invokers.TestMethodWorker.invokeTestMethods(TestMethodWorker.java:154)
	at org.testng.internal.invokers.TestMethodWorker.run(TestMethodWorker.java:134)
	at java.base/java.util.ArrayList.forEach(ArrayList.java:1597)
	at org.testng.TestRunner.privateRun(TestRunner.java:739)
	at org.testng.TestRunner.run(TestRunner.java:614)
	at org.testng.SuiteRunner.runTest(SuiteRunner.java:421)
	at org.testng.SuiteRunner.runSequentially(SuiteRunner.java:413)
	at org.testng.SuiteRunner.privateRun(SuiteRunner.java:373)
	at org.testng.SuiteRunner.run(SuiteRunner.java:312)
	at org.testng.SuiteRunnerWorker.runSuite(SuiteRunnerWorker.java:52)
	at org.testng.SuiteRunnerWorker.run(SuiteRunnerWorker.java:95)
	at org.testng.TestNG.runSuitesSequentially(TestNG.java:1274)
	at org.testng.TestNG.runSuitesLocally(TestNG.java:1208)
	at org.testng.TestNG.runSuites(TestNG.java:1112)
	at org.testng.TestNG.run(TestNG.java:1079)
	at org.testng.remote.AbstractRemoteTestNG.run(AbstractRemoteTestNG.java:115)
	at org.testng.remote.RemoteTestNG.initAndRun(RemoteTestNG.java:293)
	at org.testng.remote.RemoteTestNG.main(RemoteTestNG.java:91)
</pre></div></td>
<td>0</td>
<td>testNGDemo.TestScenario6@7671cb68</td></tr>
<tr>
<td title='testNGDemo.TestScenario.fifth_testcase()'><b>fifth_testcase</b><br>Test class: testNGDemo.TestScenario</td>
<td><div><pre>java.lang.AssertionError: expected [Hello World] but found [Hello]
	at testNGDemo.TestScenario.fifth_testcase(TestScenario.java:39)
	at java.base/java.util.ArrayList.forEach(ArrayList.java:1597)
... Removed 31 stack frames</pre></div><a href='#' onClick='toggleBox("stack-trace1293680734", this, "Click to show all stack frames", "Click to hide stack frames")'>Click to show all stack frames</a>
<div class='stack-trace' id='stack-trace1293680734'><pre>java.lang.AssertionError: expected [Hello World] but found [Hello]
	at org.testng.Assert.fail(Assert.java:111)
	at org.testng.Assert.failNotEquals(Assert.java:1578)
	at org.testng.Assert.assertEqualsImpl(Assert.java:150)
	at org.testng.Assert.assertEquals(Assert.java:132)
	at org.testng.Assert.assertEquals(Assert.java:656)
	at org.testng.Assert.assertEquals(Assert.java:666)
	at testNGDemo.TestScenario.fifth_testcase(TestScenario.java:39)
	at java.base/jdk.internal.reflect.DirectMethodHandleAccessor.invoke(DirectMethodHandleAccessor.java:103)
	at java.base/java.lang.reflect.Method.invoke(Method.java:580)
	at org.testng.internal.invokers.MethodInvocationHelper.invokeMethod(MethodInvocationHelper.java:141)
	at org.testng.internal.invokers.TestInvoker.invokeMethod(TestInvoker.java:686)
	at org.testng.internal.invokers.TestInvoker.invokeTestMethod(TestInvoker.java:230)
	at org.testng.internal.invokers.MethodRunner.runInSequence(MethodRunner.java:63)
	at org.testng.internal.invokers.TestInvoker$MethodInvocationAgent.invoke(TestInvoker.java:992)
	at org.testng.internal.invokers.TestInvoker.invokeTestMethods(TestInvoker.java:203)
	at org.testng.internal.invokers.TestMethodWorker.invokeTestMethods(TestMethodWorker.java:154)
	at org.testng.internal.invokers.TestMethodWorker.run(TestMethodWorker.java:134)
	at java.base/java.util.ArrayList.forEach(ArrayList.java:1597)
	at org.testng.TestRunner.privateRun(TestRunner.java:739)
	at org.testng.TestRunner.run(TestRunner.java:614)
	at org.testng.SuiteRunner.runTest(SuiteRunner.java:421)
	at org.testng.SuiteRunner.runSequentially(SuiteRunner.java:413)
	at org.testng.SuiteRunner.privateRun(SuiteRunner.java:373)
	at org.testng.SuiteRunner.run(SuiteRunner.java:312)
	at org.testng.SuiteRunnerWorker.runSuite(SuiteRunnerWorker.java:52)
	at org.testng.SuiteRunnerWorker.run(SuiteRunnerWorker.java:95)
	at org.testng.TestNG.runSuitesSequentially(TestNG.java:1274)
	at org.testng.TestNG.runSuitesLocally(TestNG.java:1208)
	at org.testng.TestNG.runSuites(TestNG.java:1112)
	at org.testng.TestNG.run(TestNG.java:1079)
	at org.testng.remote.AbstractRemoteTestNG.run(AbstractRemoteTestNG.java:115)
	at org.testng.remote.RemoteTestNG.initAndRun(RemoteTestNG.java:293)
	at org.testng.remote.RemoteTestNG.main(RemoteTestNG.java:91)
</pre></div></td>
<td>0</td>
<td>testNGDemo.TestScenario@6b8ca3c8</td></tr>
<tr>
<td title='testNGDemo.TestScenario8.sixth_testcase()'><b>sixth_testcase</b><br>Test class: testNGDemo.TestScenario8</td>
<td><div><pre>java.lang.AssertionError: expected [Hello World] but found [Hello]
	at testNGDemo.TestScenario8.sixth_testcase(TestScenario8.java:46)
	at java.base/java.util.ArrayList.forEach(ArrayList.java:1597)
... Removed 31 stack frames</pre></div><a href='#' onClick='toggleBox("stack-trace1454870101", this, "Click to show all stack frames", "Click to hide stack frames")'>Click to show all stack frames</a>
<div class='stack-trace' id='stack-trace1454870101'><pre>java.lang.AssertionError: expected [Hello World] but found [Hello]
	at org.testng.Assert.fail(Assert.java:111)
	at org.testng.Assert.failNotEquals(Assert.java:1578)
	at org.testng.Assert.assertEqualsImpl(Assert.java:150)
	at org.testng.Assert.assertEquals(Assert.java:132)
	at org.testng.Assert.assertEquals(Assert.java:656)
	at org.testng.Assert.assertEquals(Assert.java:666)
	at testNGDemo.TestScenario8.sixth_testcase(TestScenario8.java:46)
	at java.base/jdk.internal.reflect.DirectMethodHandleAccessor.invoke(DirectMethodHandleAccessor.java:103)
	at java.base/java.lang.reflect.Method.invoke(Method.java:580)
	at org.testng.internal.invokers.MethodInvocationHelper.invokeMethod(MethodInvocationHelper.java:141)
	at org.testng.internal.invokers.TestInvoker.invokeMethod(TestInvoker.java:686)
	at org.testng.internal.invokers.TestInvoker.invokeTestMethod(TestInvoker.java:230)
	at org.testng.internal.invokers.MethodRunner.runInSequence(MethodRunner.java:63)
	at org.testng.internal.invokers.TestInvoker$MethodInvocationAgent.invoke(TestInvoker.java:992)
	at org.testng.internal.invokers.TestInvoker.invokeTestMethods(TestInvoker.java:203)
	at org.testng.internal.invokers.TestMethodWorker.invokeTestMethods(TestMethodWorker.java:154)
	at org.testng.internal.invokers.TestMethodWorker.run(TestMethodWorker.java:134)
	at java.base/java.util.ArrayList.forEach(ArrayList.java:1597)
	at org.testng.TestRunner.privateRun(TestRunner.java:739)
	at org.testng.TestRunner.run(TestRunner.java:614)
	at org.testng.SuiteRunner.runTest(SuiteRunner.java:421)
	at org.testng.SuiteRunner.runSequentially(SuiteRunner.java:413)
	at org.testng.SuiteRunner.privateRun(SuiteRunner.java:373)
	at org.testng.SuiteRunner.run(SuiteRunner.java:312)
	at org.testng.SuiteRunnerWorker.runSuite(SuiteRunnerWorker.java:52)
	at org.testng.SuiteRunnerWorker.run(SuiteRunnerWorker.java:95)
	at org.testng.TestNG.runSuitesSequentially(TestNG.java:1274)
	at org.testng.TestNG.runSuitesLocally(TestNG.java:1208)
	at org.testng.TestNG.runSuites(TestNG.java:1112)
	at org.testng.TestNG.run(TestNG.java:1079)
	at org.testng.remote.AbstractRemoteTestNG.run(AbstractRemoteTestNG.java:115)
	at org.testng.remote.RemoteTestNG.initAndRun(RemoteTestNG.java:293)
	at org.testng.remote.RemoteTestNG.main(RemoteTestNG.java:91)
</pre></div></td>
<td>0</td>
<td>testNGDemo.TestScenario8@55536d9e</td></tr>
<tr>
<td title='testNGDemo.TestScenario.first_testcase()'><b>first_testcase</b><br>Test class: testNGDemo.TestScenario</td>
<td><div><pre>java.lang.AssertionError: expected [Hello World] but found [Hello]
	at testNGDemo.TestScenario.first_testcase(TestScenario.java:14)
	at java.base/java.util.ArrayList.forEach(ArrayList.java:1597)
... Removed 31 stack frames</pre></div><a href='#' onClick='toggleBox("stack-trace1894601438", this, "Click to show all stack frames", "Click to hide stack frames")'>Click to show all stack frames</a>
<div class='stack-trace' id='stack-trace1894601438'><pre>java.lang.AssertionError: expected [Hello World] but found [Hello]
	at org.testng.Assert.fail(Assert.java:111)
	at org.testng.Assert.failNotEquals(Assert.java:1578)
	at org.testng.Assert.assertEqualsImpl(Assert.java:150)
	at org.testng.Assert.assertEquals(Assert.java:132)
	at org.testng.Assert.assertEquals(Assert.java:656)
	at org.testng.Assert.assertEquals(Assert.java:666)
	at testNGDemo.TestScenario.first_testcase(TestScenario.java:14)
	at java.base/jdk.internal.reflect.DirectMethodHandleAccessor.invoke(DirectMethodHandleAccessor.java:103)
	at java.base/java.lang.reflect.Method.invoke(Method.java:580)
	at org.testng.internal.invokers.MethodInvocationHelper.invokeMethod(MethodInvocationHelper.java:141)
	at org.testng.internal.invokers.TestInvoker.invokeMethod(TestInvoker.java:686)
	at org.testng.internal.invokers.TestInvoker.invokeTestMethod(TestInvoker.java:230)
	at org.testng.internal.invokers.MethodRunner.runInSequence(MethodRunner.java:63)
	at org.testng.internal.invokers.TestInvoker$MethodInvocationAgent.invoke(TestInvoker.java:992)
	at org.testng.internal.invokers.TestInvoker.invokeTestMethods(TestInvoker.java:203)
	at org.testng.internal.invokers.TestMethodWorker.invokeTestMethods(TestMethodWorker.java:154)
	at org.testng.internal.invokers.TestMethodWorker.run(TestMethodWorker.java:134)
	at java.base/java.util.ArrayList.forEach(ArrayList.java:1597)
	at org.testng.TestRunner.privateRun(TestRunner.java:739)
	at org.testng.TestRunner.run(TestRunner.java:614)
	at org.testng.SuiteRunner.runTest(SuiteRunner.java:421)
	at org.testng.SuiteRunner.runSequentially(SuiteRunner.java:413)
	at org.testng.SuiteRunner.privateRun(SuiteRunner.java:373)
	at org.testng.SuiteRunner.run(SuiteRunner.java:312)
	at org.testng.SuiteRunnerWorker.runSuite(SuiteRunnerWorker.java:52)
	at org.testng.SuiteRunnerWorker.run(SuiteRunnerWorker.java:95)
	at org.testng.TestNG.runSuitesSequentially(TestNG.java:1274)
	at org.testng.TestNG.runSuitesLocally(TestNG.java:1208)
	at org.testng.TestNG.runSuites(TestNG.java:1112)
	at org.testng.TestNG.run(TestNG.java:1079)
	at org.testng.remote.AbstractRemoteTestNG.run(AbstractRemoteTestNG.java:115)
	at org.testng.remote.RemoteTestNG.initAndRun(RemoteTestNG.java:293)
	at org.testng.remote.RemoteTestNG.main(RemoteTestNG.java:91)
</pre></div></td>
<td>0</td>
<td>testNGDemo.TestScenario@6b8ca3c8</td></tr>
<tr>
<td title='testNGDemo.TestScenario4.third_testcase()'><b>third_testcase</b><br>Test class: testNGDemo.TestScenario4</td>
<td><div><pre>java.lang.AssertionError: expected [Hello World] but found [Hello]
	at testNGDemo.TestScenario4.third_testcase(TestScenario4.java:25)
	at java.base/java.util.ArrayList.forEach(ArrayList.java:1597)
... Removed 31 stack frames</pre></div><a href='#' onClick='toggleBox("stack-trace809300666", this, "Click to show all stack frames", "Click to hide stack frames")'>Click to show all stack frames</a>
<div class='stack-trace' id='stack-trace809300666'><pre>java.lang.AssertionError: expected [Hello World] but found [Hello]
	at org.testng.Assert.fail(Assert.java:111)
	at org.testng.Assert.failNotEquals(Assert.java:1578)
	at org.testng.Assert.assertEqualsImpl(Assert.java:150)
	at org.testng.Assert.assertEquals(Assert.java:132)
	at org.testng.Assert.assertEquals(Assert.java:656)
	at org.testng.Assert.assertEquals(Assert.java:666)
	at testNGDemo.TestScenario4.third_testcase(TestScenario4.java:25)
	at java.base/jdk.internal.reflect.DirectMethodHandleAccessor.invoke(DirectMethodHandleAccessor.java:103)
	at java.base/java.lang.reflect.Method.invoke(Method.java:580)
	at org.testng.internal.invokers.MethodInvocationHelper.invokeMethod(MethodInvocationHelper.java:141)
	at org.testng.internal.invokers.TestInvoker.invokeMethod(TestInvoker.java:686)
	at org.testng.internal.invokers.TestInvoker.invokeTestMethod(TestInvoker.java:230)
	at org.testng.internal.invokers.MethodRunner.runInSequence(MethodRunner.java:63)
	at org.testng.internal.invokers.TestInvoker$MethodInvocationAgent.invoke(TestInvoker.java:992)
	at org.testng.internal.invokers.TestInvoker.invokeTestMethods(TestInvoker.java:203)
	at org.testng.internal.invokers.TestMethodWorker.invokeTestMethods(TestMethodWorker.java:154)
	at org.testng.internal.invokers.TestMethodWorker.run(TestMethodWorker.java:134)
	at java.base/java.util.ArrayList.forEach(ArrayList.java:1597)
	at org.testng.TestRunner.privateRun(TestRunner.java:739)
	at org.testng.TestRunner.run(TestRunner.java:614)
	at org.testng.SuiteRunner.runTest(SuiteRunner.java:421)
	at org.testng.SuiteRunner.runSequentially(SuiteRunner.java:413)
	at org.testng.SuiteRunner.privateRun(SuiteRunner.java:373)
	at org.testng.SuiteRunner.run(SuiteRunner.java:312)
	at org.testng.SuiteRunnerWorker.runSuite(SuiteRunnerWorker.java:52)
	at org.testng.SuiteRunnerWorker.run(SuiteRunnerWorker.java:95)
	at org.testng.TestNG.runSuitesSequentially(TestNG.java:1274)
	at org.testng.TestNG.runSuitesLocally(TestNG.java:1208)
	at org.testng.TestNG.runSuites(TestNG.java:1112)
	at org.testng.TestNG.run(TestNG.java:1079)
	at org.testng.remote.AbstractRemoteTestNG.run(AbstractRemoteTestNG.java:115)
	at org.testng.remote.RemoteTestNG.initAndRun(RemoteTestNG.java:293)
	at org.testng.remote.RemoteTestNG.main(RemoteTestNG.java:91)
</pre></div></td>
<td>0</td>
<td>testNGDemo.TestScenario4@3a6bb9bf</td></tr>
<tr>
<td title='testNGDemo.TestScenario8.second_testcase()'><b>second_testcase</b><br>Test class: testNGDemo.TestScenario8</td>
<td><div><pre>java.lang.AssertionError: expected [Hello World] but found [Hello]
	at testNGDemo.TestScenario8.second_testcase(TestScenario8.java:20)
	at java.base/java.util.ArrayList.forEach(ArrayList.java:1597)
... Removed 31 stack frames</pre></div><a href='#' onClick='toggleBox("stack-trace458817438", this, "Click to show all stack frames", "Click to hide stack frames")'>Click to show all stack frames</a>
<div class='stack-trace' id='stack-trace458817438'><pre>java.lang.AssertionError: expected [Hello World] but found [Hello]
	at org.testng.Assert.fail(Assert.java:111)
	at org.testng.Assert.failNotEquals(Assert.java:1578)
	at org.testng.Assert.assertEqualsImpl(Assert.java:150)
	at org.testng.Assert.assertEquals(Assert.java:132)
	at org.testng.Assert.assertEquals(Assert.java:656)
	at org.testng.Assert.assertEquals(Assert.java:666)
	at testNGDemo.TestScenario8.second_testcase(TestScenario8.java:20)
	at java.base/jdk.internal.reflect.DirectMethodHandleAccessor.invoke(DirectMethodHandleAccessor.java:103)
	at java.base/java.lang.reflect.Method.invoke(Method.java:580)
	at org.testng.internal.invokers.MethodInvocationHelper.invokeMethod(MethodInvocationHelper.java:141)
	at org.testng.internal.invokers.TestInvoker.invokeMethod(TestInvoker.java:686)
	at org.testng.internal.invokers.TestInvoker.invokeTestMethod(TestInvoker.java:230)
	at org.testng.internal.invokers.MethodRunner.runInSequence(MethodRunner.java:63)
	at org.testng.internal.invokers.TestInvoker$MethodInvocationAgent.invoke(TestInvoker.java:992)
	at org.testng.internal.invokers.TestInvoker.invokeTestMethods(TestInvoker.java:203)
	at org.testng.internal.invokers.TestMethodWorker.invokeTestMethods(TestMethodWorker.java:154)
	at org.testng.internal.invokers.TestMethodWorker.run(TestMethodWorker.java:134)
	at java.base/java.util.ArrayList.forEach(ArrayList.java:1597)
	at org.testng.TestRunner.privateRun(TestRunner.java:739)
	at org.testng.TestRunner.run(TestRunner.java:614)
	at org.testng.SuiteRunner.runTest(SuiteRunner.java:421)
	at org.testng.SuiteRunner.runSequentially(SuiteRunner.java:413)
	at org.testng.SuiteRunner.privateRun(SuiteRunner.java:373)
	at org.testng.SuiteRunner.run(SuiteRunner.java:312)
	at org.testng.SuiteRunnerWorker.runSuite(SuiteRunnerWorker.java:52)
	at org.testng.SuiteRunnerWorker.run(SuiteRunnerWorker.java:95)
	at org.testng.TestNG.runSuitesSequentially(TestNG.java:1274)
	at org.testng.TestNG.runSuitesLocally(TestNG.java:1208)
	at org.testng.TestNG.runSuites(TestNG.java:1112)
	at org.testng.TestNG.run(TestNG.java:1079)
	at org.testng.remote.AbstractRemoteTestNG.run(AbstractRemoteTestNG.java:115)
	at org.testng.remote.RemoteTestNG.initAndRun(RemoteTestNG.java:293)
	at org.testng.remote.RemoteTestNG.main(RemoteTestNG.java:91)
</pre></div></td>
<td>0</td>
<td>testNGDemo.TestScenario8@55536d9e</td></tr>
<tr>
<td title='testNGDemo.TestScenario6.third_testcase()'><b>third_testcase</b><br>Test class: testNGDemo.TestScenario6</td>
<td><div><pre>java.lang.AssertionError: expected [Hello World] but found [Hello]
	at testNGDemo.TestScenario6.third_testcase(TestScenario6.java:27)
	at java.base/java.util.ArrayList.forEach(ArrayList.java:1597)
... Removed 31 stack frames</pre></div><a href='#' onClick='toggleBox("stack-trace1485891705", this, "Click to show all stack frames", "Click to hide stack frames")'>Click to show all stack frames</a>
<div class='stack-trace' id='stack-trace1485891705'><pre>java.lang.AssertionError: expected [Hello World] but found [Hello]
	at org.testng.Assert.fail(Assert.java:111)
	at org.testng.Assert.failNotEquals(Assert.java:1578)
	at org.testng.Assert.assertEqualsImpl(Assert.java:150)
	at org.testng.Assert.assertEquals(Assert.java:132)
	at org.testng.Assert.assertEquals(Assert.java:656)
	at org.testng.Assert.assertEquals(Assert.java:666)
	at testNGDemo.TestScenario6.third_testcase(TestScenario6.java:27)
	at java.base/jdk.internal.reflect.DirectMethodHandleAccessor.invoke(DirectMethodHandleAccessor.java:103)
	at java.base/java.lang.reflect.Method.invoke(Method.java:580)
	at org.testng.internal.invokers.MethodInvocationHelper.invokeMethod(MethodInvocationHelper.java:141)
	at org.testng.internal.invokers.TestInvoker.invokeMethod(TestInvoker.java:686)
	at org.testng.internal.invokers.TestInvoker.invokeTestMethod(TestInvoker.java:230)
	at org.testng.internal.invokers.MethodRunner.runInSequence(MethodRunner.java:63)
	at org.testng.internal.invokers.TestInvoker$MethodInvocationAgent.invoke(TestInvoker.java:992)
	at org.testng.internal.invokers.TestInvoker.invokeTestMethods(TestInvoker.java:203)
	at org.testng.internal.invokers.TestMethodWorker.invokeTestMethods(TestMethodWorker.java:154)
	at org.testng.internal.invokers.TestMethodWorker.run(TestMethodWorker.java:134)
	at java.base/java.util.ArrayList.forEach(ArrayList.java:1597)
	at org.testng.TestRunner.privateRun(TestRunner.java:739)
	at org.testng.TestRunner.run(TestRunner.java:614)
	at org.testng.SuiteRunner.runTest(SuiteRunner.java:421)
	at org.testng.SuiteRunner.runSequentially(SuiteRunner.java:413)
	at org.testng.SuiteRunner.privateRun(SuiteRunner.java:373)
	at org.testng.SuiteRunner.run(SuiteRunner.java:312)
	at org.testng.SuiteRunnerWorker.runSuite(SuiteRunnerWorker.java:52)
	at org.testng.SuiteRunnerWorker.run(SuiteRunnerWorker.java:95)
	at org.testng.TestNG.runSuitesSequentially(TestNG.java:1274)
	at org.testng.TestNG.runSuitesLocally(TestNG.java:1208)
	at org.testng.TestNG.runSuites(TestNG.java:1112)
	at org.testng.TestNG.run(TestNG.java:1079)
	at org.testng.remote.AbstractRemoteTestNG.run(AbstractRemoteTestNG.java:115)
	at org.testng.remote.RemoteTestNG.initAndRun(RemoteTestNG.java:293)
	at org.testng.remote.RemoteTestNG.main(RemoteTestNG.java:91)
</pre></div></td>
<td>0</td>
<td>testNGDemo.TestScenario6@7671cb68</td></tr>
<tr>
<td title='org.xyz.auto.sd.HandleKeyboardMouse.handleAlerts()'><b>handleAlerts</b><br>Test class: org.xyz.auto.sd.HandleKeyboardMouse</td>
<td><div><pre>org.openqa.selenium.UnhandledAlertException: unexpected alert open: {Alert text : Please enter a valid user name}
  (Session info: chrome=133.0.6943.127): Please enter a valid user name
Build info: version: &apos;4.26.0&apos;, revision: &apos;8ccf0219d7&apos;
System info: os.name: &apos;Windows 11&apos;, os.arch: &apos;amd64&apos;, os.version: &apos;10.0&apos;, java.version: &apos;23&apos;
Driver info: org.openqa.selenium.chrome.ChromeDriver
Command: [f6587049bb09d3a272900877bb70e0b6, screenshot {}]
Capabilities {acceptInsecureCerts: false, browserName: chrome, browserVersion: 133.0.6943.127, chrome: {chromedriverVersion: 133.0.6943.126 (cffa127ce7b..., userDataDir: C:\Users\Santosh\AppData\Lo...}, fedcm:accounts: true, goog:chromeOptions: {debuggerAddress: localhost:60468}, networkConnectionEnabled: false, pageLoadStrategy: normal, platformName: windows, proxy: Proxy(), se:cdp: ws://localhost:60468/devtoo..., se:cdpVersion: 133.0.6943.127, setWindowRect: true, strictFileInteractability: false, timeouts: {implicit: 0, pageLoad: 300000, script: 30000}, unhandledPromptBehavior: dismiss and notify, webauthn:extension:credBlob: true, webauthn:extension:largeBlob: true, webauthn:extension:minPinLength: true, webauthn:extension:prf: true, webauthn:virtualAuthenticators: true}
Session ID: f6587049bb09d3a272900877bb70e0b6
	at org.openqa.selenium.remote.codec.w3c.W3CHttpResponseCodec.decode(W3CHttpResponseCodec.java:136)
	at org.openqa.selenium.remote.codec.w3c.W3CHttpResponseCodec.decode(W3CHttpResponseCodec.java:50)
	at org.openqa.selenium.remote.HttpCommandExecutor.execute(HttpCommandExecutor.java:190)
	at org.openqa.selenium.remote.service.DriverCommandExecutor.invokeExecute(DriverCommandExecutor.java:216)
	at org.openqa.selenium.remote.service.DriverCommandExecutor.execute(DriverCommandExecutor.java:174)
	at org.openqa.selenium.remote.RemoteWebDriver.execute(RemoteWebDriver.java:545)
	at org.openqa.selenium.remote.RemoteWebDriver.execute(RemoteWebDriver.java:618)
	at org.openqa.selenium.remote.RemoteWebDriver.execute(RemoteWebDriver.java:622)
	at org.openqa.selenium.remote.RemoteWebDriver.getScreenshotAs(RemoteWebDriver.java:334)
	at org.xyz.auto.sd.CaptureScreenshot.TestResults(CaptureScreenshot.java:20)
	at org.xyz.auto.sd.HandleKeyboardMouse.handleAlerts(HandleKeyboardMouse.java:55)
	at java.base/java.util.ArrayList.forEach(ArrayList.java:1597)
... Removed 25 stack frames</pre></div><a href='#' onClick='toggleBox("stack-trace2019157894", this, "Click to show all stack frames", "Click to hide stack frames")'>Click to show all stack frames</a>
<div class='stack-trace' id='stack-trace2019157894'><pre>org.openqa.selenium.UnhandledAlertException: unexpected alert open: {Alert text : Please enter a valid user name}
  (Session info: chrome=133.0.6943.127): Please enter a valid user name
Build info: version: &apos;4.26.0&apos;, revision: &apos;8ccf0219d7&apos;
System info: os.name: &apos;Windows 11&apos;, os.arch: &apos;amd64&apos;, os.version: &apos;10.0&apos;, java.version: &apos;23&apos;
Driver info: org.openqa.selenium.chrome.ChromeDriver
Command: [f6587049bb09d3a272900877bb70e0b6, screenshot {}]
Capabilities {acceptInsecureCerts: false, browserName: chrome, browserVersion: 133.0.6943.127, chrome: {chromedriverVersion: 133.0.6943.126 (cffa127ce7b..., userDataDir: C:\Users\Santosh\AppData\Lo...}, fedcm:accounts: true, goog:chromeOptions: {debuggerAddress: localhost:60468}, networkConnectionEnabled: false, pageLoadStrategy: normal, platformName: windows, proxy: Proxy(), se:cdp: ws://localhost:60468/devtoo..., se:cdpVersion: 133.0.6943.127, setWindowRect: true, strictFileInteractability: false, timeouts: {implicit: 0, pageLoad: 300000, script: 30000}, unhandledPromptBehavior: dismiss and notify, webauthn:extension:credBlob: true, webauthn:extension:largeBlob: true, webauthn:extension:minPinLength: true, webauthn:extension:prf: true, webauthn:virtualAuthenticators: true}
Session ID: f6587049bb09d3a272900877bb70e0b6
	at org.openqa.selenium.remote.codec.w3c.W3CHttpResponseCodec.decode(W3CHttpResponseCodec.java:136)
	at org.openqa.selenium.remote.codec.w3c.W3CHttpResponseCodec.decode(W3CHttpResponseCodec.java:50)
	at org.openqa.selenium.remote.HttpCommandExecutor.execute(HttpCommandExecutor.java:190)
	at org.openqa.selenium.remote.service.DriverCommandExecutor.invokeExecute(DriverCommandExecutor.java:216)
	at org.openqa.selenium.remote.service.DriverCommandExecutor.execute(DriverCommandExecutor.java:174)
	at org.openqa.selenium.remote.RemoteWebDriver.execute(RemoteWebDriver.java:545)
	at org.openqa.selenium.remote.RemoteWebDriver.execute(RemoteWebDriver.java:618)
	at org.openqa.selenium.remote.RemoteWebDriver.execute(RemoteWebDriver.java:622)
	at org.openqa.selenium.remote.RemoteWebDriver.getScreenshotAs(RemoteWebDriver.java:334)
	at org.xyz.auto.sd.CaptureScreenshot.TestResults(CaptureScreenshot.java:20)
	at org.xyz.auto.sd.HandleKeyboardMouse.handleAlerts(HandleKeyboardMouse.java:55)
	at java.base/jdk.internal.reflect.DirectMethodHandleAccessor.invoke(DirectMethodHandleAccessor.java:103)
	at java.base/java.lang.reflect.Method.invoke(Method.java:580)
	at org.testng.internal.invokers.MethodInvocationHelper.invokeMethod(MethodInvocationHelper.java:141)
	at org.testng.internal.invokers.TestInvoker.invokeMethod(TestInvoker.java:686)
	at org.testng.internal.invokers.TestInvoker.invokeTestMethod(TestInvoker.java:230)
	at org.testng.internal.invokers.MethodRunner.runInSequence(MethodRunner.java:63)
	at org.testng.internal.invokers.TestInvoker$MethodInvocationAgent.invoke(TestInvoker.java:992)
	at org.testng.internal.invokers.TestInvoker.invokeTestMethods(TestInvoker.java:203)
	at org.testng.internal.invokers.TestMethodWorker.invokeTestMethods(TestMethodWorker.java:154)
	at org.testng.internal.invokers.TestMethodWorker.run(TestMethodWorker.java:134)
	at java.base/java.util.ArrayList.forEach(ArrayList.java:1597)
	at org.testng.TestRunner.privateRun(TestRunner.java:739)
	at org.testng.TestRunner.run(TestRunner.java:614)
	at org.testng.SuiteRunner.runTest(SuiteRunner.java:421)
	at org.testng.SuiteRunner.runSequentially(SuiteRunner.java:413)
	at org.testng.SuiteRunner.privateRun(SuiteRunner.java:373)
	at org.testng.SuiteRunner.run(SuiteRunner.java:312)
	at org.testng.SuiteRunnerWorker.runSuite(SuiteRunnerWorker.java:52)
	at org.testng.SuiteRunnerWorker.run(SuiteRunnerWorker.java:95)
	at org.testng.TestNG.runSuitesSequentially(TestNG.java:1274)
	at org.testng.TestNG.runSuitesLocally(TestNG.java:1208)
	at org.testng.TestNG.runSuites(TestNG.java:1112)
	at org.testng.TestNG.run(TestNG.java:1079)
	at org.testng.remote.AbstractRemoteTestNG.run(AbstractRemoteTestNG.java:115)
	at org.testng.remote.RemoteTestNG.initAndRun(RemoteTestNG.java:293)
	at org.testng.remote.RemoteTestNG.main(RemoteTestNG.java:91)
</pre></div></td>
<td>5</td>
<td>org.xyz.auto.sd.HandleKeyboardMouse@59af0466</td></tr>
</table><p>
<table width='100%' border='1' class='invocation-passed'>
<tr><td colspan='4' align='center'><b>PASSED TESTS</b></td></tr>
<tr><td><b>Test method</b></td>
<td><b>Attribute(s)</b></td>
<td width="30%"><b>Exception</b></td>
<td width="10%"><b>Time (seconds)</b></td>
<td><b>Instance</b></td>
</tr>
<tr>
<td title='testNGDemo.TestScenario8.forth_testcase()'><b>forth_testcase</b><br>Test class: testNGDemo.TestScenario8</td>
<td></td>
<td>0</td>
<td>testNGDemo.TestScenario8@55536d9e</td></tr>
<tr>
<td title='testNGDemo.TestScenario5.sixth_testcase()'><b>sixth_testcase</b><br>Test class: testNGDemo.TestScenario5</td>
<td></td>
<td>0</td>
<td>testNGDemo.TestScenario5@49dc7102</td></tr>
<tr>
<td title='testNGDemo.TestScenario3.second_testcase()'><b>second_testcase</b><br>Test class: testNGDemo.TestScenario3</td>
<td></td>
<td>0</td>
<td>testNGDemo.TestScenario3@34f7cfd9</td></tr>
<tr>
<td title='testNGDemo.TestScenario7.fifth_testcase()'><b>fifth_testcase</b><br>Test class: testNGDemo.TestScenario7</td>
<td></td>
<td>0</td>
<td>testNGDemo.TestScenario7@4d910fd6</td></tr>
<tr>
<td title='testNGDemo.TestScenario7.first_testcase()'><b>first_testcase</b><br>Test class: testNGDemo.TestScenario7</td>
<td></td>
<td>0</td>
<td>testNGDemo.TestScenario7@4d910fd6</td></tr>
<tr>
<td title='testNGDemo.TestScenario4.fifth_testcase()'><b>fifth_testcase</b><br>Test class: testNGDemo.TestScenario4</td>
<td></td>
<td>0</td>
<td>testNGDemo.TestScenario4@3a6bb9bf</td></tr>
<tr>
<td title='testNGDemo.TestScenario2.forth_testcase()'><b>forth_testcase</b><br>Test class: testNGDemo.TestScenario2</td>
<td></td>
<td>0</td>
<td>testNGDemo.TestScenario2@65f095f8</td></tr>
<tr>
<td title='testNGDemo.TestScenario9.sixth_testcase()'><b>sixth_testcase</b><br>Test class: testNGDemo.TestScenario9</td>
<td></td>
<td>0</td>
<td>testNGDemo.TestScenario9@346d61be</td></tr>
<tr>
<td title='testNGDemo.TestScenario6.forth_testcase()'><b>forth_testcase</b><br>Test class: testNGDemo.TestScenario6</td>
<td></td>
<td>0</td>
<td>testNGDemo.TestScenario6@7671cb68</td></tr>
<tr>
<td title='testNGDemo.TestScenario7.second_testcase()'><b>second_testcase</b><br>Test class: testNGDemo.TestScenario7</td>
<td></td>
<td>0</td>
<td>testNGDemo.TestScenario7@4d910fd6</td></tr>
<tr>
<td title='testNGDemo.TestScenario10.third_testcase()'><b>third_testcase</b><br>Test class: testNGDemo.TestScenario10</td>
<td></td>
<td>0</td>
<td>testNGDemo.TestScenario10@3e6ef8ad</td></tr>
<tr>
<td title='testNGDemo.TestScenario3.fifth_testcase()'><b>fifth_testcase</b><br>Test class: testNGDemo.TestScenario3</td>
<td></td>
<td>0</td>
<td>testNGDemo.TestScenario3@34f7cfd9</td></tr>
<tr>
<td title='testNGDemo.TestScenario9.third_testcase()'><b>third_testcase</b><br>Test class: testNGDemo.TestScenario9</td>
<td></td>
<td>0</td>
<td>testNGDemo.TestScenario9@346d61be</td></tr>
<tr>
<td title='testNGDemo.TestScenario4.sixth_testcase()'><b>sixth_testcase</b><br>Test class: testNGDemo.TestScenario4</td>
<td></td>
<td>0</td>
<td>testNGDemo.TestScenario4@3a6bb9bf</td></tr>
<tr>
<td title='testNGDemo.TestScenario8.fifth_testcase()'><b>fifth_testcase</b><br>Test class: testNGDemo.TestScenario8</td>
<td></td>
<td>0</td>
<td>testNGDemo.TestScenario8@55536d9e</td></tr>
<tr>
<td title='testNGDemo.TestScenario2.second_testcase()'><b>second_testcase</b><br>Test class: testNGDemo.TestScenario2</td>
<td></td>
<td>0</td>
<td>testNGDemo.TestScenario2@65f095f8</td></tr>
<tr>
<td title='testNGDemo.TestScenario2.sixth_testcase()'><b>sixth_testcase</b><br>Test class: testNGDemo.TestScenario2</td>
<td></td>
<td>0</td>
<td>testNGDemo.TestScenario2@65f095f8</td></tr>
<tr>
<td title='testNGDemo.TestScenario4.first_testcase()'><b>first_testcase</b><br>Test class: testNGDemo.TestScenario4</td>
<td></td>
<td>0</td>
<td>testNGDemo.TestScenario4@3a6bb9bf</td></tr>
<tr>
<td title='testNGDemo.TestScenario3.third_testcase()'><b>third_testcase</b><br>Test class: testNGDemo.TestScenario3</td>
<td></td>
<td>0</td>
<td>testNGDemo.TestScenario3@34f7cfd9</td></tr>
<tr>
<td title='testNGDemo.TestScenario9.first_testcase()'><b>first_testcase</b><br>Test class: testNGDemo.TestScenario9</td>
<td></td>
<td>0</td>
<td>testNGDemo.TestScenario9@346d61be</td></tr>
<tr>
<td title='testNGDemo.TestScenario9.forth_testcase()'><b>forth_testcase</b><br>Test class: testNGDemo.TestScenario9</td>
<td></td>
<td>0</td>
<td>testNGDemo.TestScenario9@346d61be</td></tr>
<tr>
<td title='testNGDemo.TestScenario9.fifth_testcase()'><b>fifth_testcase</b><br>Test class: testNGDemo.TestScenario9</td>
<td></td>
<td>0</td>
<td>testNGDemo.TestScenario9@346d61be</td></tr>
<tr>
<td title='testNGDemo.TestScenario2.fifth_testcase()'><b>fifth_testcase</b><br>Test class: testNGDemo.TestScenario2</td>
<td></td>
<td>0</td>
<td>testNGDemo.TestScenario2@65f095f8</td></tr>
<tr>
<td title='testNGDemo.TestScenario6.first_testcase()'><b>first_testcase</b><br>Test class: testNGDemo.TestScenario6</td>
<td></td>
<td>0</td>
<td>testNGDemo.TestScenario6@7671cb68</td></tr>
<tr>
<td title='testNGDemo.TestScenario3.first_testcase()'><b>first_testcase</b><br>Test class: testNGDemo.TestScenario3</td>
<td></td>
<td>0</td>
<td>testNGDemo.TestScenario3@34f7cfd9</td></tr>
<tr>
<td title='testNGDemo.TestScenario5.second_testcase()'><b>second_testcase</b><br>Test class: testNGDemo.TestScenario5</td>
<td></td>
<td>0</td>
<td>testNGDemo.TestScenario5@49dc7102</td></tr>
<tr>
<td title='testNGDemo.TestScenario4.second_testcase()'><b>second_testcase</b><br>Test class: testNGDemo.TestScenario4</td>
<td></td>
<td>0</td>
<td>testNGDemo.TestScenario4@3a6bb9bf</td></tr>
<tr>
<td title='testNGDemo.TestScenario5.third_testcase()'><b>third_testcase</b><br>Test class: testNGDemo.TestScenario5</td>
<td></td>
<td>0</td>
<td>testNGDemo.TestScenario5@49dc7102</td></tr>
<tr>
<td title='testNGDemo.TestScenario.second_testcase()'><b>second_testcase</b><br>Test class: testNGDemo.TestScenario</td>
<td></td>
<td>0</td>
<td>testNGDemo.TestScenario@6b8ca3c8</td></tr>
<tr>
<td title='testNGDemo.TestScenario6.fifth_testcase()'><b>fifth_testcase</b><br>Test class: testNGDemo.TestScenario6</td>
<td></td>
<td>0</td>
<td>testNGDemo.TestScenario6@7671cb68</td></tr>
<tr>
<td title='testNGDemo.TestScenario7.third_testcase()'><b>third_testcase</b><br>Test class: testNGDemo.TestScenario7</td>
<td></td>
<td>0</td>
<td>testNGDemo.TestScenario7@4d910fd6</td></tr>
<tr>
<td title='testNGDemo.TestScenario10.sixth_testcase()'><b>sixth_testcase</b><br>Test class: testNGDemo.TestScenario10</td>
<td></td>
<td>0</td>
<td>testNGDemo.TestScenario10@3e6ef8ad</td></tr>
<tr>
<td title='testNGDemo.TestScenario6.sixth_testcase()'><b>sixth_testcase</b><br>Test class: testNGDemo.TestScenario6</td>
<td></td>
<td>0</td>
<td>testNGDemo.TestScenario6@7671cb68</td></tr>
<tr>
<td title='testNGDemo.TestScenario5.forth_testcase()'><b>forth_testcase</b><br>Test class: testNGDemo.TestScenario5</td>
<td></td>
<td>0</td>
<td>testNGDemo.TestScenario5@49dc7102</td></tr>
<tr>
<td title='org.xyz.auto.sd.HandleKeyboardMouse.handleFrames()'><b>handleFrames</b><br>Test class: org.xyz.auto.sd.HandleKeyboardMouse</td>
<td></td>
<td>129</td>
<td>org.xyz.auto.sd.HandleKeyboardMouse@59af0466</td></tr>
<tr>
<td title='testNGDemo.TestScenario9.second_testcase()'><b>second_testcase</b><br>Test class: testNGDemo.TestScenario9</td>
<td></td>
<td>0</td>
<td>testNGDemo.TestScenario9@346d61be</td></tr>
<tr>
<td title='testNGDemo.TestScenario8.third_testcase()'><b>third_testcase</b><br>Test class: testNGDemo.TestScenario8</td>
<td></td>
<td>0</td>
<td>testNGDemo.TestScenario8@55536d9e</td></tr>
<tr>
<td title='testNGDemo.TestScenario10.first_testcase()'><b>first_testcase</b><br>Test class: testNGDemo.TestScenario10</td>
<td></td>
<td>0</td>
<td>testNGDemo.TestScenario10@3e6ef8ad</td></tr>
<tr>
<td title='testNGDemo.TestScenario8.first_testcase()'><b>first_testcase</b><br>Test class: testNGDemo.TestScenario8</td>
<td></td>
<td>0</td>
<td>testNGDemo.TestScenario8@55536d9e</td></tr>
<tr>
<td title='testNGDemo.TestScenario10.fifth_testcase()'><b>fifth_testcase</b><br>Test class: testNGDemo.TestScenario10</td>
<td></td>
<td>0</td>
<td>testNGDemo.TestScenario10@3e6ef8ad</td></tr>
<tr>
<td title='testNGDemo.TestScenario.sixth_testcase()'><b>sixth_testcase</b><br>Test class: testNGDemo.TestScenario</td>
<td></td>
<td>0</td>
<td>testNGDemo.TestScenario@6b8ca3c8</td></tr>
<tr>
<td title='testNGDemo.TestScenario2.first_testcase()'><b>first_testcase</b><br>Test class: testNGDemo.TestScenario2</td>
<td></td>
<td>0</td>
<td>testNGDemo.TestScenario2@65f095f8</td></tr>
<tr>
<td title='testNGDemo.TestScenario5.fifth_testcase()'><b>fifth_testcase</b><br>Test class: testNGDemo.TestScenario5</td>
<td></td>
<td>0</td>
<td>testNGDemo.TestScenario5@49dc7102</td></tr>
<tr>
<td title='testNGDemo.TestScenario3.forth_testcase()'><b>forth_testcase</b><br>Test class: testNGDemo.TestScenario3</td>
<td></td>
<td>0</td>
<td>testNGDemo.TestScenario3@34f7cfd9</td></tr>
<tr>
<td title='testNGDemo.TestScenario.third_testcase()'><b>third_testcase</b><br>Test class: testNGDemo.TestScenario</td>
<td></td>
<td>0</td>
<td>testNGDemo.TestScenario@6b8ca3c8</td></tr>
<tr>
<td title='testNGDemo.TestScenario10.forth_testcase()'><b>forth_testcase</b><br>Test class: testNGDemo.TestScenario10</td>
<td></td>
<td>0</td>
<td>testNGDemo.TestScenario10@3e6ef8ad</td></tr>
<tr>
<td title='testNGDemo.TestScenario5.first_testcase()'><b>first_testcase</b><br>Test class: testNGDemo.TestScenario5</td>
<td></td>
<td>0</td>
<td>testNGDemo.TestScenario5@49dc7102</td></tr>
<tr>
<td title='testNGDemo.TestScenario3.sixth_testcase()'><b>sixth_testcase</b><br>Test class: testNGDemo.TestScenario3</td>
<td></td>
<td>0</td>
<td>testNGDemo.TestScenario3@34f7cfd9</td></tr>
<tr>
<td title='testNGDemo.TestScenario.forth_testcase()'><b>forth_testcase</b><br>Test class: testNGDemo.TestScenario</td>
<td></td>
<td>0</td>
<td>testNGDemo.TestScenario@6b8ca3c8</td></tr>
<tr>
<td title='testNGDemo.TestScenario7.forth_testcase()'><b>forth_testcase</b><br>Test class: testNGDemo.TestScenario7</td>
<td></td>
<td>0</td>
<td>testNGDemo.TestScenario7@4d910fd6</td></tr>
<tr>
<td title='testNGDemo.TestScenario10.second_testcase()'><b>second_testcase</b><br>Test class: testNGDemo.TestScenario10</td>
<td></td>
<td>0</td>
<td>testNGDemo.TestScenario10@3e6ef8ad</td></tr>
<tr>
<td title='testNGDemo.TestScenario7.sixth_testcase()'><b>sixth_testcase</b><br>Test class: testNGDemo.TestScenario7</td>
<td></td>
<td>0</td>
<td>testNGDemo.TestScenario7@4d910fd6</td></tr>
</table><p>
<table width='100%' border='1' class='invocation-skipped'>
<tr><td colspan='4' align='center'><b>SKIPPED TESTS</b></td></tr>
<tr><td><b>Test method</b></td>
<td><b>Attribute(s)</b></td>
<td width="30%"><b>Exception</b></td>
<td width="10%"><b>Time (seconds)</b></td>
<td><b>Instance</b></td>
</tr>
<tr>
<td title='testNGDemo.TestScenario4.forth_testcase()'><b>forth_testcase</b><br>Test class: testNGDemo.TestScenario4</td>
<td><div><pre>java.lang.Throwable: Method testNGDemo.TestScenario4.forth_testcase() on instance testNGDemo.TestScenario4@3a6bb9bf depends on not successfully finished methods 
[testNGDemo.TestScenario4.third_testcase() on instance testNGDemo.TestScenario4@3a6bb9bf]
	at java.base/java.util.ArrayList.forEach(ArrayList.java:1597)
... Removed 18 stack frames</pre></div><a href='#' onClick='toggleBox("stack-trace899543194", this, "Click to show all stack frames", "Click to hide stack frames")'>Click to show all stack frames</a>
<div class='stack-trace' id='stack-trace899543194'><pre>java.lang.Throwable: Method testNGDemo.TestScenario4.forth_testcase() on instance testNGDemo.TestScenario4@3a6bb9bf depends on not successfully finished methods 
[testNGDemo.TestScenario4.third_testcase() on instance testNGDemo.TestScenario4@3a6bb9bf]
	at org.testng.internal.invokers.TestInvoker.invokeTestMethods(TestInvoker.java:159)
	at org.testng.internal.invokers.TestMethodWorker.invokeTestMethods(TestMethodWorker.java:154)
	at org.testng.internal.invokers.TestMethodWorker.run(TestMethodWorker.java:134)
	at java.base/java.util.ArrayList.forEach(ArrayList.java:1597)
	at org.testng.TestRunner.privateRun(TestRunner.java:739)
	at org.testng.TestRunner.run(TestRunner.java:614)
	at org.testng.SuiteRunner.runTest(SuiteRunner.java:421)
	at org.testng.SuiteRunner.runSequentially(SuiteRunner.java:413)
	at org.testng.SuiteRunner.privateRun(SuiteRunner.java:373)
	at org.testng.SuiteRunner.run(SuiteRunner.java:312)
	at org.testng.SuiteRunnerWorker.runSuite(SuiteRunnerWorker.java:52)
	at org.testng.SuiteRunnerWorker.run(SuiteRunnerWorker.java:95)
	at org.testng.TestNG.runSuitesSequentially(TestNG.java:1274)
	at org.testng.TestNG.runSuitesLocally(TestNG.java:1208)
	at org.testng.TestNG.runSuites(TestNG.java:1112)
	at org.testng.TestNG.run(TestNG.java:1079)
	at org.testng.remote.AbstractRemoteTestNG.run(AbstractRemoteTestNG.java:115)
	at org.testng.remote.RemoteTestNG.initAndRun(RemoteTestNG.java:293)
	at org.testng.remote.RemoteTestNG.main(RemoteTestNG.java:91)
</pre></div></td>
<td>0</td>
<td>testNGDemo.TestScenario4@3a6bb9bf</td></tr>
</table><p>
</body>
</html>