<?xml version="1.0" encoding="UTF-8"?>
<!-- Generated by org.testng.reporters.JUnitXMLReporter -->
<testsuite ignored="3" hostname="DESKTOP-DJ4FDME" failures="8" tests="61" name="Test" time="135.813" errors="0" timestamp="2025-02-25T20:15:18 IST">
  <testcase classname="testNGDemo.TestScenario7" name="fifth_testcase" time="0.012"/>
  <testcase classname="testNGDemo.TestScenario7" name="first_testcase" time="0.002"/>
  <testcase classname="testNGDemo.TestScenario7" name="forth_testcase" time="0.001"/>
  <testcase classname="testNGDemo.TestScenario7" name="second_testcase" time="0.004"/>
  <testcase classname="testNGDemo.TestScenario7" name="sixth_testcase" time="0.006"/>
  <testcase classname="testNGDemo.TestScenario7" name="third_testcase" time="0.006"/>
  <testcase classname="testNGDemo.TestScenario6" name="fifth_testcase" time="0.002"/>
  <testcase classname="testNGDemo.TestScenario6" name="first_testcase" time="0.002"/>
  <testcase classname="testNGDemo.TestScenario6" name="forth_testcase" time="0.003"/>
  <testcase classname="testNGDemo.TestScenario6" name="second_testcase" time="0.033">
    <failure type="java.lang.AssertionError" message="expected [Hello World] but found [Hello]">
      <![CDATA[java.lang.AssertionError: expected [Hello World] but found [Hello]
at testNGDemo.TestScenario6.second_testcase(TestScenario6.java:19)
at java.base/java.util.ArrayList.forEach(ArrayList.java:1597)
... Removed 31 stack frames]]>
    </failure>
  </testcase> <!-- second_testcase -->
  <testcase classname="testNGDemo.TestScenario6" name="sixth_testcase" time="0.001"/>
  <testcase classname="testNGDemo.TestScenario6" name="third_testcase" time="0.001">
    <failure type="java.lang.AssertionError" message="expected [Hello World] but found [Hello]">
      <![CDATA[java.lang.AssertionError: expected [Hello World] but found [Hello]
at testNGDemo.TestScenario6.third_testcase(TestScenario6.java:27)
at java.base/java.util.ArrayList.forEach(ArrayList.java:1597)
... Removed 31 stack frames]]>
    </failure>
  </testcase> <!-- third_testcase -->
  <testcase classname="testNGDemo.TestScenario5" name="fifth_testcase" time="0.001"/>
  <testcase classname="testNGDemo.TestScenario5" name="first_testcase" time="0.002"/>
  <testcase classname="testNGDemo.TestScenario5" name="forth_testcase" time="0.002"/>
  <testcase classname="testNGDemo.TestScenario5" name="second_testcase" time="0.006"/>
  <testcase classname="testNGDemo.TestScenario5" name="sixth_testcase" time="0.004"/>
  <testcase classname="testNGDemo.TestScenario5" name="third_testcase" time="0.002"/>
  <testcase classname="testNGDemo.TestScenario" name="sixth_testcase" time="0.004"/>
  <testcase classname="testNGDemo.TestScenario" name="fifth_testcase" time="0.001">
    <failure type="java.lang.AssertionError" message="expected [Hello World] but found [Hello]">
      <![CDATA[java.lang.AssertionError: expected [Hello World] but found [Hello]
at testNGDemo.TestScenario.fifth_testcase(TestScenario.java:39)
at java.base/java.util.ArrayList.forEach(ArrayList.java:1597)
... Removed 31 stack frames]]>
    </failure>
  </testcase> <!-- fifth_testcase -->
  <testcase classname="testNGDemo.TestScenario" name="forth_testcase" time="0.001"/>
  <testcase classname="testNGDemo.TestScenario" name="third_testcase" time="0.003"/>
  <testcase classname="testNGDemo.TestScenario" name="first_testcase" time="0.003">
    <failure type="java.lang.AssertionError" message="expected [Hello World] but found [Hello]">
      <![CDATA[java.lang.AssertionError: expected [Hello World] but found [Hello]
at testNGDemo.TestScenario.first_testcase(TestScenario.java:14)
at java.base/java.util.ArrayList.forEach(ArrayList.java:1597)
... Removed 31 stack frames]]>
    </failure>
  </testcase> <!-- first_testcase -->
  <testcase classname="testNGDemo.TestScenario" name="second_testcase" time="0.002"/>
  <testcase classname="testNGDemo.TestScenario4" name="fifth_testcase" time="0.002"/>
  <testcase classname="testNGDemo.TestScenario4" name="first_testcase" time="0.001"/>
  <testcase classname="testNGDemo.TestScenario4" name="second_testcase" time="0.002"/>
  <testcase classname="testNGDemo.TestScenario4" name="sixth_testcase" time="0.002"/>
  <testcase classname="testNGDemo.TestScenario4" name="third_testcase" time="0.002">
    <failure type="java.lang.AssertionError" message="expected [Hello World] but found [Hello]">
      <![CDATA[java.lang.AssertionError: expected [Hello World] but found [Hello]
at testNGDemo.TestScenario4.third_testcase(TestScenario4.java:25)
at java.base/java.util.ArrayList.forEach(ArrayList.java:1597)
... Removed 31 stack frames]]>
    </failure>
  </testcase> <!-- third_testcase -->
  <testcase classname="testNGDemo.TestScenario4" name="forth_testcase" time="0.0">
    <skipped/>
  </testcase> <!-- forth_testcase -->
  <testcase classname="testNGDemo.TestScenario3" name="fifth_testcase" time="0.002"/>
  <testcase classname="testNGDemo.TestScenario3" name="first_testcase" time="0.001"/>
  <testcase classname="testNGDemo.TestScenario3" name="forth_testcase" time="0.0"/>
  <testcase classname="testNGDemo.TestScenario3" name="second_testcase" time="0.001"/>
  <testcase classname="testNGDemo.TestScenario3" name="sixth_testcase" time="0.001"/>
  <testcase classname="testNGDemo.TestScenario3" name="third_testcase" time="0.001"/>
  <testcase classname="testNGDemo.TestScenario2" name="fifth_testcase" time="0.003"/>
  <testcase classname="testNGDemo.TestScenario2" name="first_testcase" time="0.003"/>
  <testcase classname="testNGDemo.TestScenario2" name="forth_testcase" time="0.002"/>
  <testcase classname="testNGDemo.TestScenario2" name="second_testcase" time="0.003"/>
  <testcase classname="testNGDemo.TestScenario2" name="sixth_testcase" time="0.001"/>
  <testcase classname="org.xyz.auto.sd.HandleKeyboardMouse" name="handleAlerts" time="5.871">
    <failure type="org.openqa.selenium.UnhandledAlertException" message="unexpected alert open: {Alert text : Please enter a valid user name}
  (Session info: chrome=133.0.6943.127): Please enter a valid user name
Build info: version: &amp;apos;4.26.0&amp;apos;, revision: &amp;apos;8ccf0219d7&amp;apos;
System info: os.name: &amp;apos;Windows 11&amp;apos;, os.arch: &amp;apos;amd64&amp;apos;, os.version: &amp;apos;10.0&amp;apos;, java.version: &amp;apos;23&amp;apos;
Driver info: org.openqa.selenium.chrome.ChromeDriver
Command: [f6587049bb09d3a272900877bb70e0b6, screenshot {}]
Capabilities {acceptInsecureCerts: false, browserName: chrome, browserVersion: 133.0.6943.127, chrome: {chromedriverVersion: 133.0.6943.126 (cffa127ce7b..., userDataDir: C:\Users\Santosh\AppData\Lo...}, fedcm:accounts: true, goog:chromeOptions: {debuggerAddress: localhost:60468}, networkConnectionEnabled: false, pageLoadStrategy: normal, platformName: windows, proxy: Proxy(), se:cdp: ws://localhost:60468/devtoo..., se:cdpVersion: 133.0.6943.127, setWindowRect: true, strictFileInteractability: false, timeouts: {implicit: 0, pageLoad: 300000, script: 30000}, unhandledPromptBehavior: dismiss and notify, webauthn:extension:credBlob: true, webauthn:extension:largeBlob: true, webauthn:extension:minPinLength: true, webauthn:extension:prf: true, webauthn:virtualAuthenticators: true}
Session ID: f6587049bb09d3a272900877bb70e0b6">
      <![CDATA[org.openqa.selenium.UnhandledAlertException: unexpected alert open: {Alert text : Please enter a valid user name}
  (Session info: chrome=133.0.6943.127): Please enter a valid user name
Build info: version: '4.26.0', revision: '8ccf0219d7'
System info: os.name: 'Windows 11', os.arch: 'amd64', os.version: '10.0', java.version: '23'
Driver info: org.openqa.selenium.chrome.ChromeDriver
Command: [f6587049bb09d3a272900877bb70e0b6, screenshot {}]
Capabilities {acceptInsecureCerts: false, browserName: chrome, browserVersion: 133.0.6943.127, chrome: {chromedriverVersion: 133.0.6943.126 (cffa127ce7b..., userDataDir: C:\Users\Santosh\AppData\Lo...}, fedcm:accounts: true, goog:chromeOptions: {debuggerAddress: localhost:60468}, networkConnectionEnabled: false, pageLoadStrategy: normal, platformName: windows, proxy: Proxy(), se:cdp: ws://localhost:60468/devtoo..., se:cdpVersion: 133.0.6943.127, setWindowRect: true, strictFileInteractability: false, timeouts: {implicit: 0, pageLoad: 300000, script: 30000}, unhandledPromptBehavior: dismiss and notify, webauthn:extension:credBlob: true, webauthn:extension:largeBlob: true, webauthn:extension:minPinLength: true, webauthn:extension:prf: true, webauthn:virtualAuthenticators: true}
Session ID: f6587049bb09d3a272900877bb70e0b6
at org.openqa.selenium.remote.codec.w3c.W3CHttpResponseCodec.decode(W3CHttpResponseCodec.java:136)
at org.openqa.selenium.remote.codec.w3c.W3CHttpResponseCodec.decode(W3CHttpResponseCodec.java:50)
at org.openqa.selenium.remote.HttpCommandExecutor.execute(HttpCommandExecutor.java:190)
at org.openqa.selenium.remote.service.DriverCommandExecutor.invokeExecute(DriverCommandExecutor.java:216)
at org.openqa.selenium.remote.service.DriverCommandExecutor.execute(DriverCommandExecutor.java:174)
at org.openqa.selenium.remote.RemoteWebDriver.execute(RemoteWebDriver.java:545)
at org.openqa.selenium.remote.RemoteWebDriver.execute(RemoteWebDriver.java:618)
at org.openqa.selenium.remote.RemoteWebDriver.execute(RemoteWebDriver.java:622)
at org.openqa.selenium.remote.RemoteWebDriver.getScreenshotAs(RemoteWebDriver.java:334)
at org.xyz.auto.sd.CaptureScreenshot.TestResults(CaptureScreenshot.java:20)
at org.xyz.auto.sd.HandleKeyboardMouse.handleAlerts(HandleKeyboardMouse.java:55)
at java.base/java.util.ArrayList.forEach(ArrayList.java:1597)
... Removed 25 stack frames]]>
    </failure>
  </testcase> <!-- handleAlerts -->
  <testcase classname="org.xyz.auto.sd.HandleKeyboardMouse" name="handleFrames" time="129.48"/>
  <testcase classname="testNGDemo.TestScenario10" name="fifth_testcase" time="0.001"/>
  <testcase classname="testNGDemo.TestScenario10" name="first_testcase" time="0.001"/>
  <testcase classname="testNGDemo.TestScenario10" name="forth_testcase" time="0.002"/>
  <testcase classname="testNGDemo.TestScenario10" name="second_testcase" time="0.001"/>
  <testcase classname="testNGDemo.TestScenario10" name="sixth_testcase" time="0.003"/>
  <testcase classname="testNGDemo.TestScenario10" name="third_testcase" time="0.001"/>
  <testcase classname="testNGDemo.TestScenario9" name="fifth_testcase" time="0.002"/>
  <testcase classname="testNGDemo.TestScenario9" name="first_testcase" time="0.001"/>
  <testcase classname="testNGDemo.TestScenario9" name="forth_testcase" time="0.0"/>
  <testcase classname="testNGDemo.TestScenario9" name="second_testcase" time="0.001"/>
  <testcase classname="testNGDemo.TestScenario9" name="sixth_testcase" time="0.0"/>
  <testcase classname="testNGDemo.TestScenario9" name="third_testcase" time="0.0"/>
  <testcase classname="testNGDemo.TestScenario8" name="fifth_testcase" time="0.001"/>
  <testcase classname="testNGDemo.TestScenario8" name="first_testcase" time="0.002"/>
  <testcase classname="testNGDemo.TestScenario8" name="forth_testcase" time="0.002"/>
  <testcase classname="testNGDemo.TestScenario8" name="second_testcase" time="0.003">
    <failure type="java.lang.AssertionError" message="expected [Hello World] but found [Hello]">
      <![CDATA[java.lang.AssertionError: expected [Hello World] but found [Hello]
at testNGDemo.TestScenario8.second_testcase(TestScenario8.java:20)
at java.base/java.util.ArrayList.forEach(ArrayList.java:1597)
... Removed 31 stack frames]]>
    </failure>
  </testcase> <!-- second_testcase -->
  <testcase classname="testNGDemo.TestScenario8" name="sixth_testcase" time="0.002">
    <failure type="java.lang.AssertionError" message="expected [Hello World] but found [Hello]">
      <![CDATA[java.lang.AssertionError: expected [Hello World] but found [Hello]
at testNGDemo.TestScenario8.sixth_testcase(TestScenario8.java:46)
at java.base/java.util.ArrayList.forEach(ArrayList.java:1597)
... Removed 31 stack frames]]>
    </failure>
  </testcase> <!-- sixth_testcase -->
  <testcase classname="testNGDemo.TestScenario8" name="third_testcase" time="0.002"/>
  <testcase classname="org.xyz.auto.sd.HandleKeyboardMouse" name="handlekeyboard" time="0.0">
    <ignored/>
  </testcase> <!-- handlekeyboard -->
  <testcase classname="org.xyz.auto.sd.HandleKeyboardMouse" name="handlemouse" time="0.0">
    <ignored/>
  </testcase> <!-- handlemouse -->
  <testcase classname="testNGDemo.TestScenario2" name="third_testcase" time="0.0">
    <ignored/>
  </testcase> <!-- third_testcase -->
</testsuite> <!-- Test -->
